SF:lib/config/dependency_injection/register_firebase_real_time_db_service_get_it.dart
DA:6,0
DA:9,0
DA:13,0
DA:14,0
LF:4
LH:0
end_of_record
SF:lib/data/data_sources/real_time_db_crud_service_impl.dart
DA:10,0
DA:11,0
DA:13,0
DA:20,0
DA:22,0
DA:25,0
DA:26,0
DA:27,0
DA:30,0
DA:35,0
DA:40,0
DA:48,0
DA:49,0
DA:51,0
DA:54,0
DA:55,0
DA:59,0
DA:64,0
DA:72,0
DA:73,0
DA:75,0
DA:78,0
DA:79,0
DA:80,0
DA:84,0
DA:89,0
DA:96,0
DA:97,0
DA:99,0
DA:102,0
DA:103,0
DA:104,0
DA:108,0
DA:114,0
DA:119,0
DA:120,0
DA:122,0
DA:123,0
DA:129,0
DA:135,0
DA:137,0
DA:139,0
DA:140,0
DA:142,0
DA:144,0
DA:146,0
DA:147,0
DA:148,0
DA:149,0
DA:155,0
DA:189,0
DA:194,0
DA:196,0
DA:198,0
DA:199,0
DA:284,0
DA:287,0
DA:288,0
DA:289,0
DA:290,0
DA:292,0
DA:293,0
DA:294,0
DA:299,0
DA:303,0
LF:65
LH:0
end_of_record
SF:lib/data/models/query_parameter.dart
DA:8,0
LF:1
LH:0
end_of_record
SF:lib/extentions/data_base_reference_extentions.dart
DA:6,0
DA:10,0
DA:11,0
DA:18,0
DA:19,0
DA:20,0
DA:21,0
DA:22,0
DA:23,0
DA:24,0
DA:25,0
DA:26,0
DA:27,0
DA:28,0
DA:29,0
DA:30,0
DA:31,0
DA:32,0
DA:33,0
DA:34,0
DA:35,0
DA:36,0
DA:37,0
DA:38,0
LF:24
LH:0
end_of_record
